0 info it worked if it ends with ok
1 verbose cli [ 'C:\\Program Files\\nodejs\\node.exe',
1 verbose cli   'C:\\Program Files\\nodejs\\node_modules\\npm\\bin\\npm-cli.js',
1 verbose cli   'publish' ]
2 info using npm@3.10.8
3 info using node@v6.9.1
4 verbose publish [ '.' ]
5 silly cache add args [ '.', null ]
6 verbose cache add spec .
7 silly cache add parsed spec Result {
7 silly cache add   raw: '.',
7 silly cache add   scope: null,
7 silly cache add   escapedName: null,
7 silly cache add   name: null,
7 silly cache add   rawSpec: '.',
7 silly cache add   spec: 'C:\\Users\\lijinya\\Documents\\GitHub\\rev-manifest-webpack-plugin',
7 silly cache add   type: 'directory' }
8 verbose addLocalDirectory C:\Users\lijinya\AppData\Roaming\npm-cache\revsion-webpack-plugin\1.0.0\package.tgz not in flight; packing
9 verbose correctMkdir C:\Users\lijinya\AppData\Roaming\npm-cache correctMkdir not in flight; initializing
10 info lifecycle revsion-webpack-plugin@1.0.0~prepublish: revsion-webpack-plugin@1.0.0
11 silly lifecycle revsion-webpack-plugin@1.0.0~prepublish: no script for prepublish, continuing
12 verbose tar pack [ 'C:\\Users\\lijinya\\AppData\\Roaming\\npm-cache\\revsion-webpack-plugin\\1.0.0\\package.tgz',
12 verbose tar pack   'C:\\Users\\lijinya\\Documents\\GitHub\\rev-manifest-webpack-plugin' ]
13 verbose tarball C:\Users\lijinya\AppData\Roaming\npm-cache\revsion-webpack-plugin\1.0.0\package.tgz
14 verbose folder C:\Users\lijinya\Documents\GitHub\rev-manifest-webpack-plugin
15 verbose addLocalTarball adding from inside cache C:\Users\lijinya\AppData\Roaming\npm-cache\revsion-webpack-plugin\1.0.0\package.tgz
16 verbose correctMkdir C:\Users\lijinya\AppData\Roaming\npm-cache correctMkdir not in flight; initializing
17 silly cache afterAdd revsion-webpack-plugin@1.0.0
18 verbose afterAdd C:\Users\lijinya\AppData\Roaming\npm-cache\revsion-webpack-plugin\1.0.0\package\package.json not in flight; writing
19 verbose correctMkdir C:\Users\lijinya\AppData\Roaming\npm-cache correctMkdir not in flight; initializing
20 verbose afterAdd C:\Users\lijinya\AppData\Roaming\npm-cache\revsion-webpack-plugin\1.0.0\package\package.json written
21 silly publish { name: 'revsion-webpack-plugin',
21 silly publish   version: '1.0.0',
21 silly publish   description: '',
21 silly publish   main: 'index.js',
21 silly publish   scripts: { test: 'echo "Error: no test specified" && exit 1' },
21 silly publish   repository:
21 silly publish    { type: 'git',
21 silly publish      url: 'git+https://github.com/lijinya2437/rev-manifest-webpack-plugin.git' },
21 silly publish   keywords: [ 'rev-manifest' ],
21 silly publish   author: { name: 'lijinya' },
21 silly publish   license: 'ISC',
21 silly publish   bugs: { url: 'https://github.com/lijinya2437/rev-manifest-webpack-plugin' },
21 silly publish   homepage: 'https://github.com/lijinya2437/rev-manifest-webpack-plugin',
21 silly publish   gitHead: '389a1b5f320a3983da8359d2ffe811d975e16c55',
21 silly publish   readme: 'ERROR: No README data found!',
21 silly publish   _id: 'revsion-webpack-plugin@1.0.0',
21 silly publish   _shasum: 'a2c19f2a46676403dad4f73699c4d00307675343',
21 silly publish   _from: '.' }
22 verbose getPublishConfig undefined
23 silly mapToRegistry name revsion-webpack-plugin
24 silly mapToRegistry using default registry
25 silly mapToRegistry registry https://registry.npmjs.org/
26 silly mapToRegistry data Result {
26 silly mapToRegistry   raw: 'revsion-webpack-plugin',
26 silly mapToRegistry   scope: null,
26 silly mapToRegistry   escapedName: 'revsion-webpack-plugin',
26 silly mapToRegistry   name: 'revsion-webpack-plugin',
26 silly mapToRegistry   rawSpec: '',
26 silly mapToRegistry   spec: 'latest',
26 silly mapToRegistry   type: 'tag' }
27 silly mapToRegistry uri https://registry.npmjs.org/revsion-webpack-plugin
28 verbose publish registryBase https://registry.npmjs.org/
29 silly publish uploading C:\Users\lijinya\AppData\Roaming\npm-cache\revsion-webpack-plugin\1.0.0\package.tgz
30 verbose request uri https://registry.npmjs.org/revsion-webpack-plugin
31 verbose request sending authorization for write operation
32 info attempt registry request try #1 at 14:47:19
33 verbose request using bearer token for auth
34 verbose request id 38aff6588412fa4e
35 http request PUT https://registry.npmjs.org/revsion-webpack-plugin
36 http 403 https://registry.npmjs.org/revsion-webpack-plugin
37 verbose headers { 'content-type': 'application/json',
37 verbose headers   'cache-control': 'max-age=300',
37 verbose headers   'content-length': '116',
37 verbose headers   'accept-ranges': 'bytes',
37 verbose headers   date: 'Mon, 27 Feb 2017 06:47:21 GMT',
37 verbose headers   via: '1.1 varnish',
37 verbose headers   connection: 'keep-alive',
37 verbose headers   'x-served-by': 'cache-nrt6122-NRT',
37 verbose headers   'x-cache': 'MISS',
37 verbose headers   'x-cache-hits': '0',
37 verbose headers   'x-timer': 'S1488178040.601986,VS0,VE535',
37 verbose headers   vary: 'Accept-Encoding' }
38 verbose request invalidating C:\Users\lijinya\AppData\Roaming\npm-cache\registry.npmjs.org\revsion-webpack-plugin on PUT
39 error publish Failed PUT 403
40 verbose stack Error: you do not have permission to publish "revsion-webpack-plugin". Are you logged in as the correct user? : revsion-webpack-plugin
40 verbose stack     at makeError (C:\Program Files\nodejs\node_modules\npm\node_modules\npm-registry-client\lib\request.js:302:12)
40 verbose stack     at CachingRegistryClient.<anonymous> (C:\Program Files\nodejs\node_modules\npm\node_modules\npm-registry-client\lib\request.js:290:14)
40 verbose stack     at Request._callback (C:\Program Files\nodejs\node_modules\npm\node_modules\npm-registry-client\lib\request.js:210:14)
40 verbose stack     at Request.self.callback (C:\Program Files\nodejs\node_modules\npm\node_modules\request\request.js:187:22)
40 verbose stack     at emitTwo (events.js:106:13)
40 verbose stack     at Request.emit (events.js:191:7)
40 verbose stack     at Request.<anonymous> (C:\Program Files\nodejs\node_modules\npm\node_modules\request\request.js:1044:10)
40 verbose stack     at emitOne (events.js:96:13)
40 verbose stack     at Request.emit (events.js:188:7)
40 verbose stack     at IncomingMessage.<anonymous> (C:\Program Files\nodejs\node_modules\npm\node_modules\request\request.js:965:12)
41 verbose statusCode 403
42 verbose pkgid revsion-webpack-plugin
43 verbose cwd C:\Users\lijinya\Documents\GitHub\rev-manifest-webpack-plugin
44 error Windows_NT 6.1.7601
45 error argv "C:\\Program Files\\nodejs\\node.exe" "C:\\Program Files\\nodejs\\node_modules\\npm\\bin\\npm-cli.js" "publish"
46 error node v6.9.1
47 error npm  v3.10.8
48 error code E403
49 error you do not have permission to publish "revsion-webpack-plugin". Are you logged in as the correct user? : revsion-webpack-plugin
50 error If you need help, you may report this error at:
50 error     <https://github.com/npm/npm/issues>
51 verbose exit [ 1, true ]
